# JRE version: Java(TM) SE Runtime Environment (17.0.12+8) (build 17.0.12+8-LTS-286)
# Java VM: Java HotSpot(TM) 64-Bit Server VM (17.0.12+8-LTS-286, mixed mode, emulated-client, sharing, tiered, compressed oops, compressed class ptrs, g1 gc, windows-amd64)
GC Precious Log:
 CPUs: 2 total, 2 available
 Memory: 3526M
 Large Page Support: Disabled
 NUMA Support: Disabled
 Compressed Oops: Enabled (32-bit)
 Heap Region Size: 1M
 Heap Min Capacity: 8M
 Heap Initial Capacity: 56M
 Heap Max Capacity: 882M
 Pre-touch: Disabled
 Parallel Workers: 2
 Concurrent Workers: 1
 Concurrent Refinement Workers: 2
 Periodic GC: Disabled
Heap:
 garbage-first heap   total 55296K, used 32284K [0x00000000c8e00000, 0x0000000100000000)
  region size 1024K, 12 young (12288K), 2 survivors (2048K)
 Metaspace       used 52040K, committed 52544K, reserved 1114112K
  class space    used 7613K, committed 7872K, reserved 1048576K
GC Heap History (20 events):
Event: 10.408 GC heap before
{Heap before GC invocations=6 (full 0):
 garbage-first heap   total 57344K, used 27631K [0x00000000c8e00000, 0x0000000100000000)
  region size 1024K, 20 young (20480K), 4 survivors (4096K)
 Metaspace       used 21182K, committed 21504K, reserved 1114112K
  class space    used 2934K, committed 3072K, reserved 1048576K
}
Event: 10.443 GC heap after
{Heap after GC invocations=7 (full 0):
 garbage-first heap   total 57344K, used 14154K [0x00000000c8e00000, 0x0000000100000000)
  region size 1024K, 4 young (4096K), 4 survivors (4096K)
 Metaspace       used 21182K, committed 21504K, reserved 1114112K
  class space    used 2934K, committed 3072K, reserved 1048576K
}
Event: 12.677 GC heap before
{Heap before GC invocations=8 (full 0):
 garbage-first heap   total 55296K, used 39754K [0x00000000c8e00000, 0x0000000100000000)
  region size 1024K, 30 young (30720K), 4 survivors (4096K)
 Metaspace       used 24334K, committed 24704K, reserved 1114112K
  class space    used 3431K, committed 3584K, reserved 1048576K
}
Event: 12.689 GC heap after
{Heap after GC invocations=9 (full 0):
 garbage-first heap   total 55296K, used 15741K [0x00000000c8e00000, 0x0000000100000000)
  region size 1024K, 4 young (4096K), 4 survivors (4096K)
 Metaspace       used 24334K, committed 24704K, reserved 1114112K
  class space    used 3431K, committed 3584K, reserved 1048576K
}
Event: 12.733 GC heap before
{Heap before GC invocations=9 (full 0):
 garbage-first heap   total 55296K, used 16765K [0x00000000c8e00000, 0x0000000100000000)
  region size 1024K, 5 young (5120K), 4 survivors (4096K)
 Metaspace       used 24456K, committed 24832K, reserved 1114112K
  class space    used 3448K, committed 3584K, reserved 1048576K
}
Event: 12.745 GC heap after
{Heap after GC invocations=10 (full 0):
 garbage-first heap   total 55296K, used 16016K [0x00000000c8e00000, 0x0000000100000000)
  region size 1024K, 1 young (1024K), 1 survivors (1024K)
 Metaspace       used 24456K, committed 24832K, reserved 1114112K
  class space    used 3448K, committed 3584K, reserved 1048576K
}
Event: 17.793 GC heap before
{Heap before GC invocations=10 (full 0):
 garbage-first heap   total 55296K, used 40592K [0x00000000c8e00000, 0x0000000100000000)
  region size 1024K, 25 young (25600K), 1 survivors (1024K)
 Metaspace       used 27861K, committed 28288K, reserved 1114112K
  class space    used 3997K, committed 4224K, reserved 1048576K
}
Event: 17.802 GC heap after
{Heap after GC invocations=11 (full 0):
 garbage-first heap   total 55296K, used 17763K [0x00000000c8e00000, 0x0000000100000000)
  region size 1024K, 3 young (3072K), 3 survivors (3072K)
 Metaspace       used 27861K, committed 28288K, reserved 1114112K
  class space    used 3997K, committed 4224K, reserved 1048576K
}
Event: 33.162 GC heap before
{Heap before GC invocations=11 (full 0):
 garbage-first heap   total 55296K, used 41315K [0x00000000c8e00000, 0x0000000100000000)
  region size 1024K, 26 young (26624K), 3 survivors (3072K)
 Metaspace       used 31417K, committed 31872K, reserved 1114112K
  class space    used 4458K, committed 4672K, reserved 1048576K
}
Event: 33.177 GC heap after
{Heap after GC invocations=12 (full 0):
 garbage-first heap   total 55296K, used 19628K [0x00000000c8e00000, 0x0000000100000000)
  region size 1024K, 2 young (2048K), 2 survivors (2048K)
 Metaspace       used 31417K, committed 31872K, reserved 1114112K
  class space    used 4458K, committed 4672K, reserved 1048576K
}
Event: 37.382 GC heap before
{Heap before GC invocations=12 (full 0):
 garbage-first heap   total 55296K, used 37036K [0x00000000c8e00000, 0x0000000100000000)
  region size 1024K, 21 young (21504K), 2 survivors (2048K)
 Metaspace       used 35565K, committed 35968K, reserved 1114112K
  class space    used 5093K, committed 5248K, reserved 1048576K
}
Event: 37.393 GC heap after
{Heap after GC invocations=13 (full 0):
 garbage-first heap   total 55296K, used 20223K [0x00000000c8e00000, 0x0000000100000000)
  region size 1024K, 1 young (1024K), 1 survivors (1024K)
 Metaspace       used 35565K, committed 35968K, reserved 1114112K
  class space    used 5093K, committed 5248K, reserved 1048576K
}
Event: 39.333 GC heap before
{Heap before GC invocations=14 (full 0):
 garbage-first heap   total 55296K, used 42751K [0x00000000c8e00000, 0x0000000100000000)
  region size 1024K, 23 young (23552K), 1 survivors (1024K)
 Metaspace       used 40391K, committed 40896K, reserved 1114112K
  class space    used 5817K, committed 6080K, reserved 1048576K
}
Event: 39.340 GC heap after
{Heap after GC invocations=15 (full 0):
 garbage-first heap   total 55296K, used 21412K [0x00000000c8e00000, 0x0000000100000000)
  region size 1024K, 2 young (2048K), 2 survivors (2048K)
 Metaspace       used 40391K, committed 40896K, reserved 1114112K
  class space    used 5817K, committed 6080K, reserved 1048576K
}
Event: 39.487 GC heap before
{Heap before GC invocations=15 (full 0):
 garbage-first heap   total 55296K, used 22436K [0x00000000c8e00000, 0x0000000100000000)
  region size 1024K, 3 young (3072K), 2 survivors (2048K)
 Metaspace       used 40651K, committed 41088K, reserved 1114112K
  class space    used 5859K, committed 6080K, reserved 1048576K
}
Event: 39.506 GC heap after
{Heap after GC invocations=16 (full 0):
 garbage-first heap   total 55296K, used 21514K [0x00000000c8e00000, 0x0000000100000000)
  region size 1024K, 1 young (1024K), 1 survivors (1024K)
 Metaspace       used 40651K, committed 41088K, reserved 1114112K
  class space    used 5859K, committed 6080K, reserved 1048576K
}
Event: 40.855 GC heap before
{Heap before GC invocations=16 (full 0):
 garbage-first heap   total 55296K, used 41994K [0x00000000c8e00000, 0x0000000100000000)
  region size 1024K, 22 young (22528K), 1 survivors (1024K)
 Metaspace       used 44965K, committed 45440K, reserved 1114112K
  class space    used 6427K, committed 6656K, reserved 1048576K
}
Event: 40.860 GC heap after
{Heap after GC invocations=17 (full 0):
 garbage-first heap   total 55296K, used 22217K [0x00000000c8e00000, 0x0000000100000000)
  region size 1024K, 1 young (1024K), 1 survivors (1024K)
 Metaspace       used 44965K, committed 45440K, reserved 1114112K
  class space    used 6427K, committed 6656K, reserved 1048576K
}
Event: 42.965 GC heap before
{Heap before GC invocations=17 (full 0):
 garbage-first heap   total 55296K, used 42697K [0x00000000c8e00000, 0x0000000100000000)
  region size 1024K, 22 young (22528K), 1 survivors (1024K)
 Metaspace       used 50563K, committed 51008K, reserved 1114112K
  class space    used 7341K, committed 7552K, reserved 1048576K
}
Event: 42.971 GC heap after
{Heap after GC invocations=18 (full 0):
 garbage-first heap   total 55296K, used 23068K [0x00000000c8e00000, 0x0000000100000000)
  region size 1024K, 2 young (2048K), 2 survivors (2048K)
 Metaspace       used 50563K, committed 51008K, reserved 1114112K
  class space    used 7341K, committed 7552K, reserved 1048576K
}

